# JRE version: OpenJDK Runtime Environment Corretto-11.0.15.9.1 (11.0.15+9) (build 11.0.15+9-LTS)
# Java VM: OpenJDK 64-Bit Server VM Corretto-11.0.15.9.1 (11.0.15+9-LTS, mixed mode, tiered, compressed oops, g1 gc, windows-amd64)
Heap:
 garbage-first heap   total 262144K, used 172139K [0x00000000e0000000, 0x0000000100000000)
  region size 1024K, 118 young (120832K), 9 survivors (9216K)
 Metaspace       used 40457K, capacity 41432K, committed 41680K, reserved 290816K
  class space    used 5086K, capacity 5422K, committed 5504K, reserved 253952K
GC Heap History (12 events):
Event: 7.608 GC heap before
{Heap before GC invocations=0 (full 0):
 garbage-first heap   total 262144K, used 19456K [0x00000000e0000000, 0x0000000100000000)
  region size 1024K, 14 young (14336K), 0 survivors (0K)
 Metaspace       used 6982K, capacity 7211K, committed 7424K, reserved 262144K
  class space    used 598K, capacity 681K, committed 768K, reserved 253952K
}
Event: 9.763 GC heap after
{Heap after GC invocations=1 (full 0):
 garbage-first heap   total 262144K, used 7994K [0x00000000e0000000, 0x0000000100000000)
  region size 1024K, 2 young (2048K), 2 survivors (2048K)
 Metaspace       used 6982K, capacity 7211K, committed 7424K, reserved 262144K
  class space    used 598K, capacity 681K, committed 768K, reserved 253952K
}
Event: 18.181 GC heap before
{Heap before GC invocations=1 (full 0):
 garbage-first heap   total 262144K, used 44858K [0x00000000e0000000, 0x0000000100000000)
  region size 1024K, 38 young (38912K), 2 survivors (2048K)
 Metaspace       used 10735K, capacity 10951K, committed 11264K, reserved 264192K
  class space    used 1094K, capacity 1163K, committed 1280K, reserved 253952K
}
Event: 18.187 GC heap after
{Heap after GC invocations=2 (full 0):
 garbage-first heap   total 262144K, used 9380K [0x00000000e0000000, 0x0000000100000000)
  region size 1024K, 4 young (4096K), 4 survivors (4096K)
 Metaspace       used 10735K, capacity 10951K, committed 11264K, reserved 264192K
  class space    used 1094K, capacity 1163K, committed 1280K, reserved 253952K
}
Event: 29.332 GC heap before
{Heap before GC invocations=2 (full 0):
 garbage-first heap   total 262144K, used 50340K [0x00000000e0000000, 0x0000000100000000)
  region size 1024K, 45 young (46080K), 4 survivors (4096K)
 Metaspace       used 17190K, capacity 17583K, committed 17792K, reserved 270336K
  class space    used 1945K, capacity 2052K, committed 2176K, reserved 253952K
}
Event: 29.341 GC heap after
{Heap after GC invocations=3 (full 0):
 garbage-first heap   total 262144K, used 15906K [0x00000000e0000000, 0x0000000100000000)
  region size 1024K, 6 young (6144K), 6 survivors (6144K)
 Metaspace       used 17190K, capacity 17583K, committed 17792K, reserved 270336K
  class space    used 1945K, capacity 2052K, committed 2176K, reserved 253952K
}
Event: 32.135 GC heap before
{Heap before GC invocations=3 (full 0):
 garbage-first heap   total 262144K, used 44578K [0x00000000e0000000, 0x0000000100000000)
  region size 1024K, 35 young (35840K), 6 survivors (6144K)
 Metaspace       used 20744K, capacity 21219K, committed 21296K, reserved 274432K
  class space    used 2492K, capacity 2655K, committed 2688K, reserved 253952K
}
Event: 32.143 GC heap after
{Heap after GC invocations=4 (full 0):
 garbage-first heap   total 262144K, used 16978K [0x00000000e0000000, 0x0000000100000000)
  region size 1024K, 2 young (2048K), 2 survivors (2048K)
 Metaspace       used 20744K, capacity 21219K, committed 21296K, reserved 274432K
  class space    used 2492K, capacity 2655K, committed 2688K, reserved 253952K
}
Event: 51.397 GC heap before
{Heap before GC invocations=5 (full 0):
 garbage-first heap   total 262144K, used 81490K [0x00000000e0000000, 0x0000000100000000)
  region size 1024K, 57 young (58368K), 2 survivors (2048K)
 Metaspace       used 26246K, capacity 26897K, committed 27184K, reserved 278528K
  class space    used 3349K, capacity 3606K, committed 3712K, reserved 253952K
}
Event: 51.402 GC heap after
{Heap after GC invocations=6 (full 0):
 garbage-first heap   total 262144K, used 27848K [0x00000000e0000000, 0x0000000100000000)
  region size 1024K, 4 young (4096K), 4 survivors (4096K)
 Metaspace       used 26246K, capacity 26897K, committed 27184K, reserved 278528K
  class space    used 3349K, capacity 3606K, committed 3712K, reserved 253952K
}
Event: 63.412 GC heap before
{Heap before GC invocations=6 (full 0):
 garbage-first heap   total 262144K, used 111816K [0x00000000e0000000, 0x0000000100000000)
  region size 1024K, 65 young (66560K), 4 survivors (4096K)
 Metaspace       used 35029K, capacity 35852K, committed 35920K, reserved 286720K
  class space    used 4483K, capacity 4808K, committed 4864K, reserved 253952K
}
Event: 63.422 GC heap after
{Heap after GC invocations=7 (full 0):
 garbage-first heap   total 262144K, used 56427K [0x00000000e0000000, 0x0000000100000000)
  region size 1024K, 9 young (9216K), 9 survivors (9216K)
 Metaspace       used 35029K, capacity 35852K, committed 35920K, reserved 286720K
  class space    used 4483K, capacity 4808K, committed 4864K, reserved 253952K
}

