# JRE version: OpenJDK Runtime Environment Corretto-11.0.15.9.1 (11.0.15+9) (build 11.0.15+9-LTS)
# Java VM: OpenJDK 64-Bit Server VM Corretto-11.0.15.9.1 (11.0.15+9-LTS, mixed mode, tiered, compressed oops, g1 gc, windows-amd64)
Heap:
 garbage-first heap   total 262144K, used 139033K [0x00000000e0000000, 0x0000000100000000)
  region size 1024K, 65 young (66560K), 19 survivors (19456K)
 Metaspace       used 40425K, capacity 41335K, committed 41680K, reserved 290816K
  class space    used 5079K, capacity 5390K, committed 5504K, reserved 253952K
GC Heap History (14 events):
Event: 2.510 GC heap before
{Heap before GC invocations=0 (full 0):
 garbage-first heap   total 262144K, used 19456K [0x00000000e0000000, 0x0000000100000000)
  region size 1024K, 14 young (14336K), 0 survivors (0K)
 Metaspace       used 6981K, capacity 7211K, committed 7424K, reserved 262144K
  class space    used 598K, capacity 681K, committed 768K, reserved 253952K
}
Event: 2.723 GC heap after
{Heap after GC invocations=1 (full 0):
 garbage-first heap   total 262144K, used 7995K [0x00000000e0000000, 0x0000000100000000)
  region size 1024K, 2 young (2048K), 2 survivors (2048K)
 Metaspace       used 6981K, capacity 7211K, committed 7424K, reserved 262144K
  class space    used 598K, capacity 681K, committed 768K, reserved 253952K
}
Event: 5.764 GC heap before
{Heap before GC invocations=1 (full 0):
 garbage-first heap   total 262144K, used 52027K [0x00000000e0000000, 0x0000000100000000)
  region size 1024K, 46 young (47104K), 2 survivors (2048K)
 Metaspace       used 10793K, capacity 11015K, committed 11264K, reserved 264192K
  class space    used 1096K, capacity 1163K, committed 1280K, reserved 253952K
}
Event: 5.770 GC heap after
{Heap after GC invocations=2 (full 0):
 garbage-first heap   total 262144K, used 12711K [0x00000000e0000000, 0x0000000100000000)
  region size 1024K, 6 young (6144K), 6 survivors (6144K)
 Metaspace       used 10793K, capacity 11015K, committed 11264K, reserved 264192K
  class space    used 1096K, capacity 1163K, committed 1280K, reserved 253952K
}
Event: 10.723 GC heap before
{Heap before GC invocations=2 (full 0):
 garbage-first heap   total 262144K, used 57767K [0x00000000e0000000, 0x0000000100000000)
  region size 1024K, 50 young (51200K), 6 survivors (6144K)
 Metaspace       used 18297K, capacity 18766K, committed 18944K, reserved 272384K
  class space    used 2145K, capacity 2301K, committed 2304K, reserved 253952K
}
Event: 10.730 GC heap after
{Heap after GC invocations=3 (full 0):
 garbage-first heap   total 262144K, used 16245K [0x00000000e0000000, 0x0000000100000000)
  region size 1024K, 4 young (4096K), 4 survivors (4096K)
 Metaspace       used 18297K, capacity 18766K, committed 18944K, reserved 272384K
  class space    used 2145K, capacity 2301K, committed 2304K, reserved 253952K
}
Event: 11.187 GC heap before
{Heap before GC invocations=3 (full 0):
 garbage-first heap   total 262144K, used 33653K [0x00000000e0000000, 0x0000000100000000)
  region size 1024K, 22 young (22528K), 4 survivors (4096K)
 Metaspace       used 20629K, capacity 21155K, committed 21296K, reserved 274432K
  class space    used 2476K, capacity 2655K, committed 2688K, reserved 253952K
}
Event: 11.192 GC heap after
{Heap after GC invocations=4 (full 0):
 garbage-first heap   total 262144K, used 16876K [0x00000000e0000000, 0x0000000100000000)
  region size 1024K, 4 young (4096K), 4 survivors (4096K)
 Metaspace       used 20629K, capacity 21155K, committed 21296K, reserved 274432K
  class space    used 2476K, capacity 2655K, committed 2688K, reserved 253952K
}
Event: 27.221 GC heap before
{Heap before GC invocations=5 (full 0):
 garbage-first heap   total 262144K, used 92652K [0x00000000e0000000, 0x0000000100000000)
  region size 1024K, 61 young (62464K), 4 survivors (4096K)
 Metaspace       used 26257K, capacity 26929K, committed 27184K, reserved 278528K
  class space    used 3358K, capacity 3612K, committed 3712K, reserved 253952K
}
Event: 27.228 GC heap after
{Heap after GC invocations=6 (full 0):
 garbage-first heap   total 262144K, used 38881K [0x00000000e0000000, 0x0000000100000000)
  region size 1024K, 8 young (8192K), 8 survivors (8192K)
 Metaspace       used 26257K, capacity 26929K, committed 27184K, reserved 278528K
  class space    used 3358K, capacity 3612K, committed 3712K, reserved 253952K
}
Event: 32.440 GC heap before
{Heap before GC invocations=6 (full 0):
 garbage-first heap   total 262144K, used 111585K [0x00000000e0000000, 0x0000000100000000)
  region size 1024K, 67 young (68608K), 8 survivors (8192K)
 Metaspace       used 35009K, capacity 35845K, committed 35920K, reserved 286720K
  class space    used 4484K, capacity 4808K, committed 4864K, reserved 253952K
}
Event: 32.451 GC heap after
{Heap after GC invocations=7 (full 0):
 garbage-first heap   total 262144K, used 56176K [0x00000000e0000000, 0x0000000100000000)
  region size 1024K, 9 young (9216K), 9 survivors (9216K)
 Metaspace       used 35009K, capacity 35845K, committed 35920K, reserved 286720K
  class space    used 4484K, capacity 4808K, committed 4864K, reserved 253952K
}
Event: 50.097 GC heap before
{Heap before GC invocations=8 (full 0):
 garbage-first heap   total 262144K, used 201584K [0x00000000e0000000, 0x0000000100000000)
  region size 1024K, 146 young (149504K), 9 survivors (9216K)
 Metaspace       used 40408K, capacity 41335K, committed 41680K, reserved 290816K
  class space    used 5075K, capacity 5390K, committed 5504K, reserved 253952K
}
Event: 50.151 GC heap after
{Heap after GC invocations=9 (full 0):
 garbage-first heap   total 262144K, used 92953K [0x00000000e0000000, 0x0000000100000000)
  region size 1024K, 19 young (19456K), 19 survivors (19456K)
 Metaspace       used 40408K, capacity 41335K, committed 41680K, reserved 290816K
  class space    used 5075K, capacity 5390K, committed 5504K, reserved 253952K
}

